Arguments: 
  /home/allexandre/.nvm/versions/node/v16.14.0/bin/node /usr/share/yarn/bin/yarn.js init

PATH: 
  /home/allexandre/.nvm/versions/node/v16.14.0/bin:/usr/local/sbin:/usr/local/bin:/usr/sbin:/usr/bin:/sbin:/bin:/usr/games:/usr/local/games:/snap/bin

Yarn version: 
  1.22.17

Node version: 
  16.14.0

Platform: 
  linux x64

Trace: 
  Error: canceled
      at Interface.<anonymous> (/usr/share/yarn/lib/cli.js:137143:13)
      at Interface.emit (node:events:520:28)
      at Interface._ttyWrite (node:readline:1081:16)
      at ReadStream.onkeypress (node:readline:288:10)
      at ReadStream.emit (node:events:520:28)
      at emitKeys (node:internal/readline/utils:358:14)
      at emitKeys.next (<anonymous>)
      at ReadStream.onData (node:internal/readline/emitKeypressEvents:61:36)
      at ReadStream.emit (node:events:520:28)
      at addChunk (node:internal/streams/readable:315:12)

npm manifest: 
  {
      "name": "engsw-tp-grupo-d",
      "version": "1.0.0",
      "main": "server.js",
      "repository": "git@github.com:les-prp-uespi/engsw-tp-grupo-d.git",
      "author": "Ronnildo <ronildosp03@gmail.com>",
      "license": "MIT",
      "engines": {
          "node": "16.14.0",
          "yarn": "1.22.17"
      },
      "scripts": {
          "dev": "nodemon src/server.js",
          "start": "node src/server.js"
      },
      "dependencies": {
          "axios": "^0.26.0",
          "bcrypt": "^5.0.1",
          "bcryptjs": "^2.4.3",
          "cors": "^2.8.5",
          "dotenv": "^16.0.0",
          "express": "^4.17.2",
          "ioredis": "^4.28.2",
          "jsonwebtoken": "^8.5.1",
          "mysql2": "^2.3.3",
          "pg": "^8.7.1",
          "pg-hstore": "^2.3.4",
          "sequelize": "^6.17.0",
          "sucrase": "^3.20.3",
          "yup": "^0.32.11"
      },
      "devDependencies": {
          "nodemon": "^2.0.15",
          "sequelize-cli": "^6.3.0"
      }
  }

yarn manifest: 
  No manifest

Lockfile: 
  No lockfile
